<?xml version="1.0" encoding="UTF-8"?>
<!-- Generated by org.testng.reporters.JUnitReportReporter -->
<testsuite hostname="Window" failures="0" tests="3" name="testCases.TC_004" time="64.513" errors="0" timestamp="2025-05-11T12:38:00 IST" skipped="0">
  <testcase classname="testCases.TC_004" name="testUpdateCountOfCartItem" time="15.987"/>
  <testcase classname="testCases.TC_004" name="testUpdateCountOfCartItem" time="19.326"/>
  <testcase classname="testCases.TC_004" name="testUpdateCountOfCartItem" time="29.200"/>
</testsuite> <!-- testCases.TC_004 -->
