<?xml version="1.0" encoding="UTF-8"?>
<!-- Generated by org.testng.reporters.JUnitReportReporter -->
<testsuite hostname="Window" failures="0" tests="1" name="testCases.TC_006" time="9.528" errors="0" timestamp="2025-05-02T16:15:42 IST" skipped="0">
  <testcase classname="testCases.TC_006" name="testCartitemsSubtotal" time="9.528"/>
</testsuite> <!-- testCases.TC_006 -->
