<?xml version="1.0" encoding="UTF-8"?>
<!-- Generated by org.testng.reporters.JUnitReportReporter -->
<testsuite hostname="Window" failures="0" tests="1" name="testCases.TC_001" time="11.773" errors="0" timestamp="2025-05-11T12:43:04 IST" skipped="0">
  <testcase classname="testCases.TC_001" name="testAddTocart" time="11.773"/>
</testsuite> <!-- testCases.TC_001 -->
