<?xml version="1.0" encoding="UTF-8"?>
<!-- Generated by org.testng.reporters.JUnitReportReporter -->
<testsuite hostname="Window" failures="0" tests="1" name="testCases.TC_001" time="8.654" errors="0" timestamp="2025-05-02T19:29:03 IST" skipped="0">
  <testcase classname="testCases.TC_001" name="testAddTocart" time="8.654"/>
</testsuite> <!-- testCases.TC_001 -->
