<?xml version="1.0" encoding="UTF-8"?>
<!-- Generated by org.testng.reporters.JUnitReportReporter -->
<testsuite hostname="Window" failures="0" tests="1" name="testCases.TC_005" time="21.493" errors="0" timestamp="2025-05-02T10:56:28 IST" skipped="0">
  <testcase classname="testCases.TC_005" name="testItemSaveForLater" time="21.493"/>
</testsuite> <!-- testCases.TC_005 -->
