<?xml version="1.0" encoding="UTF-8"?>
<!-- Generated by org.testng.reporters.JUnitReportReporter -->
<testsuite hostname="Window" failures="0" tests="1" name="testCases.TC_005" time="28.744" errors="0" timestamp="2025-05-11T12:37:59 IST" skipped="0">
  <testcase classname="testCases.TC_005" name="testItemSaveForLater" time="28.744"/>
</testsuite> <!-- testCases.TC_005 -->
