<?xml version="1.0" encoding="UTF-8"?>
<!-- Generated by org.testng.reporters.JUnitReportReporter -->
<testsuite hostname="Window" failures="0" tests="1" name="testCases.TC_001" time="9.013" errors="0" timestamp="2025-05-02T16:15:42 IST" skipped="0">
  <testcase classname="testCases.TC_001" name="testAddTocart" time="9.013"/>
</testsuite> <!-- testCases.TC_001 -->
