<?xml version="1.0" encoding="UTF-8"?>
<!-- Generated by org.testng.reporters.JUnitReportReporter -->
<testsuite hostname="Window" failures="0" tests="4" name="testCases.TC_004" time="67.286" errors="0" timestamp="2025-05-04T13:12:08 IST" skipped="0">
  <testcase classname="testCases.TC_004" name="testUpdateCountOfCartItem" time="28.902"/>
  <testcase classname="testCases.TC_004" name="testUpdateCountOfCartItem" time="19.613"/>
  <testcase classname="testCases.TC_004" name="testUpdateCountOfCartItem" time="18.766"/>
  <testcase classname="testCases.TC_004" name="testValidateFinalCartTotal" time="0.005"/>
</testsuite> <!-- testCases.TC_004 -->
