<?xml version="1.0" encoding="UTF-8"?>
<!-- Generated by org.testng.reporters.JUnitReportReporter -->
<testsuite hostname="Window" failures="0" tests="1" name="testCases.TC001_MainSearch_SearchProduct" time="14.328" errors="0" timestamp="2025-04-29T11:40:40 IST" skipped="0">
  <testcase classname="testCases.TC001_MainSearch_SearchProduct" name="testSearchProduct" time="14.328"/>
</testsuite> <!-- testCases.TC001_MainSearch_SearchProduct -->
